<?xml version="1.0" encoding="UTF-8"?>
<!-- Generated by org.testng.reporters.JUnitReportReporter -->
<testsuite hostname="DESKTOP-KDHP00O" failures="0" tests="1" name="test.NewTest" time="7.227" errors="0" timestamp="13 Oct 2021 04:32:50 GMT">
  <testcase classname="test.NewTest" name="testEasy" time="7.227"/>
</testsuite> <!-- test.NewTest -->
