<?xml version="1.0" encoding="UTF-8"?>
<!-- Generated by org.testng.reporters.JUnitReportReporter -->
<testsuite name="api.myFirstRestAssuredClass" tests="1" time="0.211" ignored="0" failures="0" timestamp="03 Nov 2021 11:58:08 GMT" skipped="0" hostname="DESKTOP-KDHP00O" errors="1">
  <testcase name="getResponseBody" time="0.211" classname="api.myFirstRestAssuredClass">
    <error type="java.lang.NoClassDefFoundError" message="org/apache/http/client/HttpClient">
      <![CDATA[java.lang.NoClassDefFoundError: org/apache/http/client/HttpClient
	at io.restassured.config.HttpClientConfig.defaultHttpClientFactory(HttpClientConfig.java:264)
	at io.restassured.config.HttpClientConfig.<init>(HttpClientConfig.java:76)
	at io.restassured.config.RestAssuredConfig.<init>(RestAssuredConfig.java:41)
	at io.restassured.RestAssured.<clinit>(RestAssured.java:420)
	at api.myFirstRestAssuredClass.getResponseBody(myFirstRestAssuredClass.java:12)
	at sun.reflect.NativeMethodAccessorImpl.invoke0(Native Method)
	at sun.reflect.NativeMethodAccessorImpl.invoke(Unknown Source)
	at sun.reflect.DelegatingMethodAccessorImpl.invoke(Unknown Source)
	at java.lang.reflect.Method.invoke(Unknown Source)
	at org.testng.internal.MethodInvocationHelper.invokeMethod(MethodInvocationHelper.java:104)
	at org.testng.internal.Invoker.invokeMethod(Invoker.java:645)
	at org.testng.internal.Invoker.invokeTestMethod(Invoker.java:851)
	at org.testng.internal.Invoker.invokeTestMethods(Invoker.java:1177)
	at org.testng.internal.TestMethodWorker.invokeTestMethods(TestMethodWorker.java:129)
	at org.testng.internal.TestMethodWorker.run(TestMethodWorker.java:112)
	at org.testng.TestRunner.privateRun(TestRunner.java:756)
	at org.testng.TestRunner.run(TestRunner.java:610)
	at org.testng.SuiteRunner.runTest(SuiteRunner.java:387)
	at org.testng.SuiteRunner.runSequentially(SuiteRunner.java:382)
	at org.testng.SuiteRunner.privateRun(SuiteRunner.java:340)
	at org.testng.SuiteRunner.run(SuiteRunner.java:289)
	at org.testng.SuiteRunnerWorker.runSuite(SuiteRunnerWorker.java:52)
	at org.testng.SuiteRunnerWorker.run(SuiteRunnerWorker.java:86)
	at org.testng.TestNG.runSuitesSequentially(TestNG.java:1293)
	at org.testng.TestNG.runSuitesLocally(TestNG.java:1218)
	at org.testng.TestNG.runSuites(TestNG.java:1133)
	at org.testng.TestNG.run(TestNG.java:1104)
	at org.testng.remote.AbstractRemoteTestNG.run(AbstractRemoteTestNG.java:132)
	at org.testng.remote.RemoteTestNG.initAndRun(RemoteTestNG.java:236)
	at org.testng.remote.RemoteTestNG.main(RemoteTestNG.java:81)
Caused by: java.lang.ClassNotFoundException: org.apache.http.client.HttpClient
	at java.net.URLClassLoader.findClass(Unknown Source)
	at java.lang.ClassLoader.loadClass(Unknown Source)
	at sun.misc.Launcher$AppClassLoader.loadClass(Unknown Source)
	at java.lang.ClassLoader.loadClass(Unknown Source)
	... 30 more
]]>
    </error>
  </testcase> <!-- getResponseBody -->
</testsuite> <!-- api.myFirstRestAssuredClass -->
