<?xml version="1.0" encoding="UTF-8"?>
<!-- Generated by org.testng.reporters.JUnitReportReporter -->
<testsuite hostname="PC" name="testCases.ExecuteTest" tests="1" failures="0" timestamp="7 Jul 2014 08:15:35 GMT" time="9.310" errors="0">
  <testcase name="testLogin" time="9.310" classname="testCases.ExecuteTest"/>
</testsuite> <!-- testCases.ExecuteTest -->
