<?xml version="1.0" encoding="UTF-8"?>
<!-- Generated by org.testng.reporters.JUnitReportReporter -->
<testsuite ignored="0" hostname="DESKTOP-KDHP00O" failures="0" tests="1" name="com.experitest.auto.AndroidDemoTest" time="28.830" errors="0" timestamp="09 Nov 2021 11:34:57 GMT" skipped="0">
  <testcase classname="com.experitest.auto.AndroidDemoTest" name="test" time="28.830"/>
</testsuite> <!-- com.experitest.auto.AndroidDemoTest -->
