<?xml version="1.0" encoding="UTF-8"?>
<!-- Generated by org.testng.reporters.JUnitReportReporter -->
<testsuite ignored="0" hostname="DESKTOP-KDHP00O" failures="0" tests="1" name="com.experitest.auto.IOSDemoTest" time="22.174" errors="0" timestamp="08 Nov 2021 11:39:36 GMT" skipped="0">
  <testcase classname="com.experitest.auto.IOSDemoTest" name="test" time="22.174"/>
</testsuite> <!-- com.experitest.auto.IOSDemoTest -->
